[00:31:51] [Server thread/INFO]: [Essentials] CONSOLE issued server command: /help 
[00:31:51] [Server thread/INFO]: To view help from the console, type '?'.
[19:17:02] [Server console handler/ERROR]: Caught previously unhandled exception :
java.io.IOError: java.io.IOException: Input/output error
	at org.jline.keymap.BindingReader.readCharacter(BindingReader.java:170) ~[jline-reader-3.20.0.jar:?]
	at org.jline.keymap.BindingReader.readBinding(BindingReader.java:110) ~[jline-reader-3.20.0.jar:?]
	at org.jline.keymap.BindingReader.readBinding(BindingReader.java:61) ~[jline-reader-3.20.0.jar:?]
	at org.jline.reader.impl.LineReaderImpl.doReadBinding(LineReaderImpl.java:923) ~[jline-reader-3.20.0.jar:?]
	at org.jline.reader.impl.LineReaderImpl.readBinding(LineReaderImpl.java:956) ~[jline-reader-3.20.0.jar:?]
	at org.jline.reader.impl.LineReaderImpl.readLine(LineReaderImpl.java:651) ~[jline-reader-3.20.0.jar:?]
	at org.jline.reader.impl.LineReaderImpl.readLine(LineReaderImpl.java:468) ~[jline-reader-3.20.0.jar:?]
	at net.minecrell.terminalconsole.SimpleTerminalConsole.readCommands(SimpleTerminalConsole.java:158) ~[terminalconsoleappender-1.3.0.jar:?]
	at net.minecrell.terminalconsole.SimpleTerminalConsole.start(SimpleTerminalConsole.java:141) ~[terminalconsoleappender-1.3.0.jar:?]
	at net.minecraft.server.dedicated.DedicatedServer$1.run(DedicatedServer.java:102) ~[paper-1.20.4.jar:git-Paper-446]
Caused by: java.io.IOException: Input/output error
	at java.io.FileInputStream.read0(Native Method) ~[?:?]
	at java.io.FileInputStream.read(FileInputStream.java:231) ~[?:?]
	at org.jline.terminal.impl.AbstractPty$PtyInputStream.read(AbstractPty.java:73) ~[jline-terminal-3.21.0.jar:?]
	at org.jline.utils.NonBlockingInputStream.read(NonBlockingInputStream.java:62) ~[jline-terminal-3.21.0.jar:?]
	at org.jline.utils.NonBlocking$NonBlockingInputStreamReader.read(NonBlocking.java:168) ~[jline-terminal-3.21.0.jar:?]
	at org.jline.utils.NonBlockingReader.read(NonBlockingReader.java:57) ~[jline-terminal-3.21.0.jar:?]
	at org.jline.keymap.BindingReader.readCharacter(BindingReader.java:160) ~[jline-reader-3.20.0.jar:?]
	... 9 more
[19:17:02] [Server thread/INFO]: Stopping server
[19:17:02] [Server thread/INFO]: [TrollBoss] Disabling TrollBoss v6.5.4
[19:17:02] [Server thread/INFO]: [TrollBoss] Plugin disabled!
[19:17:02] [Server thread/INFO]: [Essentials] Disabling Essentials v2.20.1
[19:17:02] [Server thread/INFO]: Saving players
[19:17:02] [Server thread/INFO]: Saving worlds
[19:17:02] [Server thread/INFO]: Saving chunks for level 'ServerLevel[world]'/minecraft:overworld
[19:17:02] [Server thread/INFO]: [ChunkHolderManager] Waiting 60s for chunk system to halt for world 'world'
[19:17:02] [Server thread/INFO]: [ChunkHolderManager] Halted chunk system for world 'world'
[19:17:02] [Server thread/INFO]: [ChunkHolderManager] Saving all chunkholders for world 'world'
[19:17:02] [Server thread/INFO]: [ChunkHolderManager] Saved 0 block chunks, 104 entity chunks, 0 poi chunks in world 'world' in 0.03s
[19:17:02] [Server thread/INFO]: ThreadedAnvilChunkStorage (world): All chunks are saved
[19:17:02] [Server thread/INFO]: Saving chunks for level 'ServerLevel[world_nether]'/minecraft:the_nether
[19:17:02] [Server thread/INFO]: [ChunkHolderManager] Waiting 60s for chunk system to halt for world 'world_nether'
[19:17:02] [Server thread/INFO]: [ChunkHolderManager] Halted chunk system for world 'world_nether'
[19:17:02] [Server thread/INFO]: [ChunkHolderManager] Saving all chunkholders for world 'world_nether'
[19:17:02] [Server thread/INFO]: [ChunkHolderManager] Saved 1 block chunks, 59 entity chunks, 0 poi chunks in world 'world_nether' in 0.02s
[19:17:02] [Server thread/INFO]: ThreadedAnvilChunkStorage (DIM-1): All chunks are saved
[19:17:02] [Server thread/INFO]: Saving chunks for level 'ServerLevel[world_the_end]'/minecraft:the_end
[19:17:02] [Server thread/INFO]: [ChunkHolderManager] Waiting 60s for chunk system to halt for world 'world_the_end'
[19:17:02] [Server thread/INFO]: [ChunkHolderManager] Halted chunk system for world 'world_the_end'
[19:17:02] [Server thread/INFO]: [ChunkHolderManager] Saving all chunkholders for world 'world_the_end'
[19:17:02] [Server thread/INFO]: [ChunkHolderManager] Saved 1 block chunks, 0 entity chunks, 0 poi chunks in world 'world_the_end' in 0.00s
[19:17:02] [Server thread/INFO]: ThreadedAnvilChunkStorage (DIM1): All chunks are saved
[19:17:02] [Server thread/INFO]: ThreadedAnvilChunkStorage: All dimensions are saved
[19:17:02] [Server thread/INFO]: Flushing Chunk IO
[19:17:02] [Server thread/INFO]: Closing Thread Pool
[19:17:02] [Server thread/INFO]: Closing Server
